2025-02-12T09:21:37.998361+0800 INFO 气象数据获取任务已添加，将在每日19点执行
2025-02-12T09:21:37.999365+0800 INFO 已移除任务: meteo_fetch
2025-02-12T09:21:37.999365+0800 INFO 气象数据获取任务已添加，将在每日2点执行
2025-02-12T09:21:37.999365+0800 INFO 已移除任务: meteo_fetch
2025-02-12T09:21:37.999365+0800 INFO 气象数据获取任务已添加，将在每日8点执行
2025-02-12T09:21:37.999365+0800 INFO 已移除任务: meteo_fetch
2025-02-12T09:21:38.000353+0800 INFO 气象数据获取任务已添加，将在每日14点执行
2025-02-12T09:21:38.000353+0800 INFO 已移除任务: meteo_fetch
2025-02-12T09:21:38.000353+0800 INFO 气象数据获取任务已添加，将在每日20点执行
2025-02-12T09:21:38.000353+0800 INFO 模型训练任务已添加，将在每日23:15执行
2025-02-12T09:21:38.000353+0800 INFO 特征搜索任务已添加，将在每月1日10点执行
2025-02-12T09:21:38.001350+0800 INFO 开始初始化电站信息...
2025-02-12T09:22:38.566691+0800 INFO 气象数据获取任务已添加，将在每日19点执行
2025-02-12T09:22:38.566691+0800 INFO 已移除任务: meteo_fetch
2025-02-12T09:22:38.567811+0800 INFO 气象数据获取任务已添加，将在每日2点执行
2025-02-12T09:22:38.567811+0800 INFO 已移除任务: meteo_fetch
2025-02-12T09:22:38.567811+0800 INFO 气象数据获取任务已添加，将在每日8点执行
2025-02-12T09:22:38.567811+0800 INFO 已移除任务: meteo_fetch
2025-02-12T09:22:38.567811+0800 INFO 气象数据获取任务已添加，将在每日14点执行
2025-02-12T09:22:38.567811+0800 INFO 已移除任务: meteo_fetch
2025-02-12T09:22:38.568710+0800 INFO 气象数据获取任务已添加，将在每日20点执行
2025-02-12T09:22:38.568710+0800 INFO 模型训练任务已添加，将在每日23:15执行
2025-02-12T09:22:38.568710+0800 INFO 特征搜索任务已添加，将在每月1日10点执行
2025-02-12T09:22:38.569751+0800 INFO 开始初始化电站信息...
2025-02-12T09:22:48.947201+0800 INFO 气象数据获取任务已添加，将在每日19点执行
2025-02-12T09:22:48.948198+0800 INFO 已移除任务: meteo_fetch
2025-02-12T09:22:48.948198+0800 INFO 气象数据获取任务已添加，将在每日2点执行
2025-02-12T09:22:48.949194+0800 INFO 已移除任务: meteo_fetch
2025-02-12T09:22:48.949194+0800 INFO 气象数据获取任务已添加，将在每日8点执行
2025-02-12T09:22:48.950191+0800 INFO 已移除任务: meteo_fetch
2025-02-12T09:22:48.950191+0800 INFO 气象数据获取任务已添加，将在每日14点执行
2025-02-12T09:22:48.950191+0800 INFO 已移除任务: meteo_fetch
2025-02-12T09:22:48.950191+0800 INFO 气象数据获取任务已添加，将在每日20点执行
2025-02-12T09:22:48.951188+0800 INFO 模型训练任务已添加，将在每日23:15执行
2025-02-12T09:22:48.952185+0800 INFO 特征搜索任务已添加，将在每月1日10点执行
2025-02-12T09:22:51.798563+0800 INFO 开始初始化电站信息...
2025-02-12T09:25:00.337199+0800 INFO 气象数据获取任务已添加，将在每日19点执行
2025-02-12T09:25:00.337199+0800 INFO 已移除任务: meteo_fetch
2025-02-12T09:25:00.338198+0800 INFO 气象数据获取任务已添加，将在每日2点执行
2025-02-12T09:25:00.338198+0800 INFO 已移除任务: meteo_fetch
2025-02-12T09:25:00.339194+0800 INFO 气象数据获取任务已添加，将在每日8点执行
2025-02-12T09:25:00.339194+0800 INFO 已移除任务: meteo_fetch
2025-02-12T09:25:00.339194+0800 INFO 气象数据获取任务已添加，将在每日14点执行
2025-02-12T09:25:00.339194+0800 INFO 已移除任务: meteo_fetch
2025-02-12T09:25:00.339194+0800 INFO 气象数据获取任务已添加，将在每日20点执行
2025-02-12T09:25:00.340191+0800 INFO 模型训练任务已添加，将在每日23:15执行
2025-02-12T09:25:00.340191+0800 INFO 特征搜索任务已添加，将在每月1日10点执行
2025-02-12T09:25:02.575659+0800 INFO 开始初始化电站信息...
2025-02-12T09:25:05.307480+0800 WARNING 没有找到任何电站信息，请检查数据库中是否有数据。
2025-02-12T09:25:05.311459+0800 INFO 调度器已启动
2025-02-12T09:25:14.237601+0800 INFO 开始电站注册...
2025-02-12T09:25:14.302385+0800 ERROR 电站注册失败: 1 validation error for StationRegisterRequest
first_load_time
  Field required [type=missing, input_value={'site_id': '12345', 'sit... 'load_data': 299.407}]}, input_type=dict]
    For further information visit https://errors.pydantic.dev/2.5/v/missing
2025-02-12T09:27:52.761815+0800 INFO 开始电站注册...
2025-02-12T09:27:52.920284+0800 INFO 检测到 178 个异常值并已处理
2025-02-12T09:27:53.280081+0800 INFO 负荷数据处理完成
2025-02-12T09:27:53.282075+0800 ERROR 电站注册失败: 'StationRegisterRequest' object has no attribute 'frequency_load'
2025-02-12T09:54:31.292754+0800 INFO 气象数据获取任务已添加，将在每日19点执行
2025-02-12T09:54:31.293753+0800 INFO 已移除任务: meteo_fetch
2025-02-12T09:54:31.294750+0800 INFO 气象数据获取任务已添加，将在每日2点执行
2025-02-12T09:54:31.294750+0800 INFO 已移除任务: meteo_fetch
2025-02-12T09:54:31.295747+0800 INFO 气象数据获取任务已添加，将在每日8点执行
2025-02-12T09:54:31.295747+0800 INFO 已移除任务: meteo_fetch
2025-02-12T09:54:31.296743+0800 INFO 气象数据获取任务已添加，将在每日14点执行
2025-02-12T09:54:31.296743+0800 INFO 已移除任务: meteo_fetch
2025-02-12T09:54:31.297740+0800 INFO 气象数据获取任务已添加，将在每日20点执行
2025-02-12T09:54:31.298737+0800 INFO 模型训练任务已添加，将在每日23:15执行
2025-02-12T09:54:31.298737+0800 INFO 特征搜索任务已添加，将在每月1日10点执行
2025-02-12T09:54:33.835486+0800 INFO 开始初始化电站信息...
2025-02-12T09:54:35.848430+0800 WARNING 没有找到任何电站信息，请检查数据库中是否有数据。
2025-02-12T09:54:35.858902+0800 INFO 调度器已启动
2025-02-12T09:54:40.915570+0800 INFO 开始电站注册...
2025-02-12T09:54:41.036694+0800 INFO 检测到 178 个异常值并已处理
2025-02-12T09:54:41.373376+0800 INFO 负荷数据处理完成
2025-02-12T09:54:41.376309+0800 ERROR 电站注册失败: 'StationRegisterRequest' object has no attribute 'his_meteo'
2025-02-12T09:58:00.280387+0800 INFO 气象数据获取任务已添加，将在每日19点执行
2025-02-12T09:58:00.280387+0800 INFO 已移除任务: meteo_fetch
2025-02-12T09:58:00.281385+0800 INFO 气象数据获取任务已添加，将在每日2点执行
2025-02-12T09:58:00.281385+0800 INFO 已移除任务: meteo_fetch
2025-02-12T09:58:00.281385+0800 INFO 气象数据获取任务已添加，将在每日8点执行
2025-02-12T09:58:00.281385+0800 INFO 已移除任务: meteo_fetch
2025-02-12T09:58:00.282382+0800 INFO 气象数据获取任务已添加，将在每日14点执行
2025-02-12T09:58:00.282382+0800 INFO 已移除任务: meteo_fetch
2025-02-12T09:58:00.282382+0800 INFO 气象数据获取任务已添加，将在每日20点执行
2025-02-12T09:58:00.283379+0800 INFO 模型训练任务已添加，将在每日23:15执行
2025-02-12T09:58:00.283379+0800 INFO 特征搜索任务已添加，将在每月1日10点执行
2025-02-12T09:58:04.076871+0800 INFO 开始初始化电站信息...
2025-02-12T09:58:05.634640+0800 WARNING 没有找到任何电站信息，请检查数据库中是否有数据。
2025-02-12T09:58:05.639238+0800 INFO 调度器已启动
2025-02-12T09:58:10.994544+0800 INFO 开始电站注册...
2025-02-12T09:58:11.143911+0800 INFO 检测到 178 个异常值并已处理
2025-02-12T09:58:11.484595+0800 INFO 负荷数据处理完成
2025-02-12T09:58:11.486584+0800 INFO 开始初始化数据库...
2025-02-12T09:58:11.501533+0800 INFO 配置加载成功
2025-02-12T09:58:11.501533+0800 INFO 数据库配置: {'host': '121.40.64.25', 'port': 30306, 'user': 'root', 'password': 'lqJeaFfVmD', 'database': 'vpp'}
2025-02-12T09:58:12.940802+0800 INFO 开始初始化数据库...
2025-02-12T09:58:12.962727+0800 INFO 配置加载成功
2025-02-12T09:58:12.963725+0800 INFO 数据库配置: {'host': '121.40.64.25', 'port': 30306, 'user': 'root', 'password': 'lqJeaFfVmD', 'database': 'vpp'}
2025-02-12T09:58:34.220383+0800 ERROR 程序执行失败: load_forecast_platform.api.schemas.ModelTrainRequest() argument after ** must be a mapping, not str
2025-02-12T10:03:03.639465+0800 INFO 气象数据获取任务已添加，将在每日19点执行
2025-02-12T10:03:03.639465+0800 INFO 已移除任务: meteo_fetch
2025-02-12T10:03:03.640462+0800 INFO 气象数据获取任务已添加，将在每日2点执行
2025-02-12T10:03:03.640462+0800 INFO 已移除任务: meteo_fetch
2025-02-12T10:03:03.640462+0800 INFO 气象数据获取任务已添加，将在每日8点执行
2025-02-12T10:03:03.641459+0800 INFO 已移除任务: meteo_fetch
2025-02-12T10:03:03.641459+0800 INFO 气象数据获取任务已添加，将在每日14点执行
2025-02-12T10:03:03.642455+0800 INFO 已移除任务: meteo_fetch
2025-02-12T10:03:03.642455+0800 INFO 气象数据获取任务已添加，将在每日20点执行
2025-02-12T10:03:03.642455+0800 INFO 模型训练任务已添加，将在每日23:15执行
2025-02-12T10:03:03.643452+0800 INFO 特征搜索任务已添加，将在每月1日10点执行
2025-02-12T10:03:03.643452+0800 INFO 开始初始化电站信息...
2025-02-12T10:03:03.832769+0800 INFO 处理电站: 12345
2025-02-12T10:03:04.410834+0800 INFO 开始对电站 12345 进行模型训练...
2025-02-12T10:03:04.411831+0800 INFO 电站初始化完成。
2025-02-12T10:03:04.414912+0800 INFO 调度器已启动
2025-02-12T10:03:07.377754+0800 INFO 开始电站注册...
2025-02-12T10:03:07.532236+0800 INFO 检测到 178 个异常值并已处理
2025-02-12T10:03:07.890283+0800 INFO 负荷数据处理完成
2025-02-12T10:03:07.892264+0800 INFO 开始初始化数据库...
2025-02-12T10:03:07.907214+0800 INFO 配置加载成功
2025-02-12T10:03:07.907214+0800 INFO 数据库配置: {'host': '121.40.64.25', 'port': 30306, 'user': 'root', 'password': 'lqJeaFfVmD', 'database': 'vpp'}
2025-02-12T10:03:09.408654+0800 INFO 开始初始化数据库...
2025-02-12T10:03:09.423530+0800 INFO 配置加载成功
2025-02-12T10:03:09.423530+0800 INFO 数据库配置: {'host': '121.40.64.25', 'port': 30306, 'user': 'root', 'password': 'lqJeaFfVmD', 'database': 'vpp'}
2025-02-12T10:03:30.645440+0800 INFO 电站12345历史负荷时长超过3个月，开始模型训练
2025-02-12T10:04:34.994721+0800 ERROR 特征工程失败: 'meteo_times'
2025-02-12T10:04:34.995720+0800 ERROR 程序执行失败: 'meteo_times'
2025-02-12T10:04:47.379165+0800 INFO 开始电站注册...
2025-02-12T10:04:47.518329+0800 INFO 检测到 178 个异常值并已处理
2025-02-12T10:04:47.856839+0800 INFO 负荷数据处理完成
2025-02-12T10:04:47.858832+0800 INFO 开始初始化数据库...
2025-02-12T10:04:47.872793+0800 INFO 配置加载成功
2025-02-12T10:04:47.872793+0800 INFO 数据库配置: {'host': '121.40.64.25', 'port': 30306, 'user': 'root', 'password': 'lqJeaFfVmD', 'database': 'vpp'}
2025-02-12T10:04:49.363062+0800 INFO 开始初始化数据库...
2025-02-12T10:04:49.400933+0800 INFO 配置加载成功
2025-02-12T10:04:49.400933+0800 INFO 数据库配置: {'host': '121.40.64.25', 'port': 30306, 'user': 'root', 'password': 'lqJeaFfVmD', 'database': 'vpp'}
2025-02-12T10:05:10.570675+0800 INFO 电站12345历史负荷时长超过3个月，开始模型训练
2025-02-12T10:08:42.318987+0800 INFO 气象数据获取任务已添加，将在每日19点执行
2025-02-12T10:08:42.320090+0800 INFO 已移除任务: meteo_fetch
2025-02-12T10:08:42.320090+0800 INFO 气象数据获取任务已添加，将在每日2点执行
2025-02-12T10:08:42.321023+0800 INFO 已移除任务: meteo_fetch
2025-02-12T10:08:42.321023+0800 INFO 气象数据获取任务已添加，将在每日8点执行
2025-02-12T10:08:42.321023+0800 INFO 已移除任务: meteo_fetch
2025-02-12T10:08:42.322011+0800 INFO 气象数据获取任务已添加，将在每日14点执行
2025-02-12T10:08:42.322011+0800 INFO 已移除任务: meteo_fetch
2025-02-12T10:08:42.322011+0800 INFO 气象数据获取任务已添加，将在每日20点执行
2025-02-12T10:08:42.323019+0800 INFO 模型训练任务已添加，将在每日23:15执行
2025-02-12T10:08:42.323974+0800 INFO 特征搜索任务已添加，将在每月1日10点执行
2025-02-12T10:08:42.323974+0800 INFO 开始初始化电站信息...
2025-02-12T10:08:42.535498+0800 INFO 处理电站: 12345
2025-02-12T10:08:43.391985+0800 INFO 开始对电站 12345 进行模型训练...
2025-02-12T10:08:43.391985+0800 INFO 电站初始化完成。
2025-02-12T10:08:43.395470+0800 INFO 调度器已启动
2025-02-12T10:08:48.576004+0800 INFO 开始电站注册...
2025-02-12T10:08:48.713029+0800 INFO 检测到 178 个异常值并已处理
2025-02-12T10:08:49.058052+0800 INFO 负荷数据处理完成
2025-02-12T10:08:49.061035+0800 INFO 开始初始化数据库...
2025-02-12T10:08:49.075984+0800 INFO 配置加载成功
2025-02-12T10:08:49.075984+0800 INFO 数据库配置: {'host': '121.40.64.25', 'port': 30306, 'user': 'root', 'password': 'lqJeaFfVmD', 'database': 'vpp'}
2025-02-12T10:09:30.220180+0800 INFO 开始初始化数据库...
2025-02-12T10:09:30.243100+0800 INFO 配置加载成功
2025-02-12T10:09:30.243100+0800 INFO 数据库配置: {'host': '121.40.64.25', 'port': 30306, 'user': 'root', 'password': 'lqJeaFfVmD', 'database': 'vpp'}
2025-02-12T10:10:05.834616+0800 INFO 电站12345历史负荷时长超过3个月，开始模型训练
2025-02-12T10:10:48.372579+0800 INFO 气象数据获取任务已添加，将在每日19点执行
2025-02-12T10:10:48.372579+0800 INFO 已移除任务: meteo_fetch
2025-02-12T10:10:48.373575+0800 INFO 气象数据获取任务已添加，将在每日2点执行
2025-02-12T10:10:48.373575+0800 INFO 已移除任务: meteo_fetch
2025-02-12T10:10:48.373575+0800 INFO 气象数据获取任务已添加，将在每日8点执行
2025-02-12T10:10:48.373575+0800 INFO 已移除任务: meteo_fetch
2025-02-12T10:10:48.374572+0800 INFO 气象数据获取任务已添加，将在每日14点执行
2025-02-12T10:10:48.374572+0800 INFO 已移除任务: meteo_fetch
2025-02-12T10:10:48.374572+0800 INFO 气象数据获取任务已添加，将在每日20点执行
2025-02-12T10:10:48.375569+0800 INFO 模型训练任务已添加，将在每日23:15执行
2025-02-12T10:10:48.375569+0800 INFO 特征搜索任务已添加，将在每月1日10点执行
2025-02-12T10:10:48.376565+0800 INFO 开始初始化电站信息...
2025-02-12T10:10:50.569929+0800 INFO 处理电站: 12345
2025-02-12T10:11:02.710090+0800 INFO 开始对电站 12345 进行模型训练...
2025-02-12T10:11:02.711087+0800 INFO 电站初始化完成。
2025-02-12T10:11:02.729028+0800 INFO 调度器已启动
2025-02-12T10:12:15.625947+0800 INFO 开始电站注册...
2025-02-12T10:12:15.758513+0800 INFO 检测到 178 个异常值并已处理
2025-02-12T10:12:16.088457+0800 INFO 负荷数据处理完成
2025-02-12T10:12:16.091454+0800 INFO 开始初始化数据库...
2025-02-12T10:12:16.109393+0800 INFO 配置加载成功
2025-02-12T10:12:16.110390+0800 INFO 数据库配置: {'host': '121.40.64.25', 'port': 30306, 'user': 'root', 'password': 'lqJeaFfVmD', 'database': 'vpp'}
2025-02-12T10:13:25.779286+0800 INFO 开始初始化数据库...
2025-02-12T10:13:25.805274+0800 INFO 配置加载成功
2025-02-12T10:13:25.805274+0800 INFO 数据库配置: {'host': '121.40.64.25', 'port': 30306, 'user': 'root', 'password': 'lqJeaFfVmD', 'database': 'vpp'}
2025-02-12T10:52:19.900211+0800 INFO 气象数据获取任务已添加，将在每日19点执行
2025-02-12T10:52:19.900211+0800 INFO 已移除任务: meteo_fetch
2025-02-12T10:52:19.901208+0800 INFO 气象数据获取任务已添加，将在每日2点执行
2025-02-12T10:52:19.901208+0800 INFO 已移除任务: meteo_fetch
2025-02-12T10:52:19.901208+0800 INFO 气象数据获取任务已添加，将在每日8点执行
2025-02-12T10:52:19.901208+0800 INFO 已移除任务: meteo_fetch
2025-02-12T10:52:19.902204+0800 INFO 气象数据获取任务已添加，将在每日14点执行
2025-02-12T10:52:19.902204+0800 INFO 已移除任务: meteo_fetch
2025-02-12T10:52:19.902204+0800 INFO 气象数据获取任务已添加，将在每日20点执行
2025-02-12T10:52:19.903200+0800 INFO 模型训练任务已添加，将在每日23:15执行
2025-02-12T10:52:19.903200+0800 INFO 特征搜索任务已添加，将在每月1日10点执行
2025-02-12T10:52:19.904197+0800 INFO 开始初始化电站信息...
2025-02-12T10:52:20.401504+0800 INFO 处理电站: 12345
2025-02-12T10:52:21.737523+0800 INFO 开始对电站 12345 进行模型训练...
2025-02-12T10:52:21.737523+0800 INFO 电站初始化完成。
2025-02-12T10:52:21.741510+0800 INFO 调度器已启动
2025-02-12T10:56:14.608563+0800 INFO 气象数据获取任务已添加，将在每日19点执行
2025-02-12T10:56:14.608563+0800 INFO 已移除任务: meteo_fetch
2025-02-12T10:56:14.609518+0800 INFO 气象数据获取任务已添加，将在每日2点执行
2025-02-12T10:56:14.609518+0800 INFO 已移除任务: meteo_fetch
2025-02-12T10:56:14.609518+0800 INFO 气象数据获取任务已添加，将在每日8点执行
2025-02-12T10:56:14.609518+0800 INFO 已移除任务: meteo_fetch
2025-02-12T10:56:14.610514+0800 INFO 气象数据获取任务已添加，将在每日14点执行
2025-02-12T10:56:14.610514+0800 INFO 已移除任务: meteo_fetch
2025-02-12T10:56:14.610514+0800 INFO 气象数据获取任务已添加，将在每日20点执行
2025-02-12T10:56:14.610514+0800 INFO 模型训练任务已添加，将在每日23:15执行
2025-02-12T10:56:14.611511+0800 INFO 特征搜索任务已添加，将在每月1日10点执行
2025-02-12T10:56:14.613505+0800 INFO 开始初始化电站信息...
2025-02-12T10:56:15.031330+0800 INFO 处理电站: 12345
2025-02-12T10:58:14.726904+0800 INFO 气象数据获取任务已添加，将在每日19点执行
2025-02-12T10:58:14.726904+0800 INFO 已移除任务: meteo_fetch
2025-02-12T10:58:14.727912+0800 INFO 气象数据获取任务已添加，将在每日2点执行
2025-02-12T10:58:14.727912+0800 INFO 已移除任务: meteo_fetch
2025-02-12T10:58:14.727912+0800 INFO 气象数据获取任务已添加，将在每日8点执行
2025-02-12T10:58:14.728908+0800 INFO 已移除任务: meteo_fetch
2025-02-12T10:58:14.728908+0800 INFO 气象数据获取任务已添加，将在每日14点执行
2025-02-12T10:58:14.728908+0800 INFO 已移除任务: meteo_fetch
2025-02-12T10:58:14.728908+0800 INFO 气象数据获取任务已添加，将在每日20点执行
2025-02-12T10:58:14.729905+0800 INFO 模型训练任务已添加，将在每日23:15执行
2025-02-12T10:58:14.729905+0800 INFO 特征搜索任务已添加，将在每月1日10点执行
2025-02-12T10:58:14.730902+0800 INFO 开始初始化电站信息...
2025-02-12T10:58:15.122046+0800 INFO 处理电站: 12345
2025-02-12T10:58:27.795228+0800 INFO 开始对电站 12345 进行模型训练...
2025-02-12T11:01:35.250843+0800 INFO 气象数据获取任务已添加，将在每日19点执行
2025-02-12T11:01:35.251840+0800 INFO 已移除任务: meteo_fetch
2025-02-12T11:01:35.251840+0800 INFO 气象数据获取任务已添加，将在每日2点执行
2025-02-12T11:01:35.252836+0800 INFO 已移除任务: meteo_fetch
2025-02-12T11:01:35.252836+0800 INFO 气象数据获取任务已添加，将在每日8点执行
2025-02-12T11:01:35.252836+0800 INFO 已移除任务: meteo_fetch
2025-02-12T11:01:35.253834+0800 INFO 气象数据获取任务已添加，将在每日14点执行
2025-02-12T11:01:35.253834+0800 INFO 已移除任务: meteo_fetch
2025-02-12T11:01:35.253834+0800 INFO 气象数据获取任务已添加，将在每日20点执行
2025-02-12T11:01:35.253834+0800 INFO 模型训练任务已添加，将在每日23:15执行
2025-02-12T11:01:35.254829+0800 INFO 特征搜索任务已添加，将在每月1日10点执行
2025-02-12T11:01:35.254829+0800 INFO 开始初始化电站信息...
2025-02-12T11:01:35.429459+0800 INFO 处理电站: 12345
2025-02-12T11:01:45.023160+0800 INFO 开始对电站 12345 进行模型训练...
2025-02-12T11:02:07.328445+0800 ERROR 电站12345气象数据不足3个月
2025-02-12T11:03:01.167160+0800 INFO 气象数据获取任务已添加，将在每日19点执行
2025-02-12T11:03:01.167160+0800 INFO 已移除任务: meteo_fetch
2025-02-12T11:03:01.168157+0800 INFO 气象数据获取任务已添加，将在每日2点执行
2025-02-12T11:03:01.168157+0800 INFO 已移除任务: meteo_fetch
2025-02-12T11:03:01.168157+0800 INFO 气象数据获取任务已添加，将在每日8点执行
2025-02-12T11:03:01.169153+0800 INFO 已移除任务: meteo_fetch
2025-02-12T11:03:01.169153+0800 INFO 气象数据获取任务已添加，将在每日14点执行
2025-02-12T11:03:01.169153+0800 INFO 已移除任务: meteo_fetch
2025-02-12T11:03:01.169153+0800 INFO 气象数据获取任务已添加，将在每日20点执行
2025-02-12T11:03:01.170150+0800 INFO 模型训练任务已添加，将在每日23:15执行
2025-02-12T11:03:01.170150+0800 INFO 特征搜索任务已添加，将在每月1日10点执行
2025-02-12T11:03:01.171146+0800 INFO 开始初始化电站信息...
2025-02-12T11:03:01.372281+0800 INFO 处理电站: 12345
2025-02-12T11:03:07.553232+0800 INFO 开始对电站 12345 进行模型训练...
2025-02-12T11:04:39.769566+0800 ERROR 电站12345气象数据不足3个月
2025-02-12T11:08:45.457445+0800 INFO 气象数据获取任务已添加，将在每日19点执行
2025-02-12T11:08:45.457445+0800 INFO 已移除任务: meteo_fetch
2025-02-12T11:08:45.457445+0800 INFO 气象数据获取任务已添加，将在每日2点执行
2025-02-12T11:08:45.458441+0800 INFO 已移除任务: meteo_fetch
2025-02-12T11:08:45.458441+0800 INFO 气象数据获取任务已添加，将在每日8点执行
2025-02-12T11:08:45.458441+0800 INFO 已移除任务: meteo_fetch
2025-02-12T11:08:45.458441+0800 INFO 气象数据获取任务已添加，将在每日14点执行
2025-02-12T11:08:45.459439+0800 INFO 已移除任务: meteo_fetch
2025-02-12T11:08:45.460435+0800 INFO 气象数据获取任务已添加，将在每日20点执行
2025-02-12T11:08:45.461432+0800 INFO 模型训练任务已添加，将在每日23:15执行
2025-02-12T11:08:45.461432+0800 INFO 特征搜索任务已添加，将在每月1日10点执行
2025-02-12T11:08:45.462429+0800 INFO 开始初始化电站信息...
2025-02-12T11:08:45.642796+0800 INFO 处理电站: 12345
2025-02-12T11:08:48.580152+0800 INFO 开始对电站 12345 进行模型训练...
2025-02-12T11:08:52.608023+0800 WARNING 电站12345气象数据不足3个月
2025-02-12T11:08:52.616997+0800 ERROR 特征工程失败: 'meteo_times'
2025-02-12T11:09:26.991089+0800 INFO 气象数据获取任务已添加，将在每日19点执行
2025-02-12T11:09:26.991089+0800 INFO 已移除任务: meteo_fetch
2025-02-12T11:09:26.992088+0800 INFO 气象数据获取任务已添加，将在每日2点执行
2025-02-12T11:09:26.992088+0800 INFO 已移除任务: meteo_fetch
2025-02-12T11:09:26.993084+0800 INFO 气象数据获取任务已添加，将在每日8点执行
2025-02-12T11:09:26.993084+0800 INFO 已移除任务: meteo_fetch
2025-02-12T11:09:26.993084+0800 INFO 气象数据获取任务已添加，将在每日14点执行
2025-02-12T11:09:26.993084+0800 INFO 已移除任务: meteo_fetch
2025-02-12T11:09:26.994080+0800 INFO 气象数据获取任务已添加，将在每日20点执行
2025-02-12T11:09:26.994080+0800 INFO 模型训练任务已添加，将在每日23:15执行
2025-02-12T11:09:26.994080+0800 INFO 特征搜索任务已添加，将在每月1日10点执行
2025-02-12T11:09:26.995077+0800 INFO 开始初始化电站信息...
2025-02-12T11:09:27.180599+0800 INFO 处理电站: 12345
2025-02-12T11:09:30.011295+0800 INFO 开始对电站 12345 进行模型训练...
2025-02-12T11:09:48.802146+0800 WARNING 电站12345气象数据不足3个月
2025-02-12T11:11:12.811036+0800 INFO 气象数据获取任务已添加，将在每日19点执行
2025-02-12T11:11:12.811036+0800 INFO 已移除任务: meteo_fetch
2025-02-12T11:11:12.811036+0800 INFO 气象数据获取任务已添加，将在每日2点执行
2025-02-12T11:11:12.812025+0800 INFO 已移除任务: meteo_fetch
2025-02-12T11:11:12.812025+0800 INFO 气象数据获取任务已添加，将在每日8点执行
2025-02-12T11:11:12.812025+0800 INFO 已移除任务: meteo_fetch
2025-02-12T11:11:12.813022+0800 INFO 气象数据获取任务已添加，将在每日14点执行
2025-02-12T11:11:12.813022+0800 INFO 已移除任务: meteo_fetch
2025-02-12T11:11:12.813022+0800 INFO 气象数据获取任务已添加，将在每日20点执行
2025-02-12T11:11:12.814019+0800 INFO 模型训练任务已添加，将在每日23:15执行
2025-02-12T11:11:12.814019+0800 INFO 特征搜索任务已添加，将在每月1日10点执行
2025-02-12T11:11:12.814019+0800 INFO 开始初始化电站信息...
2025-02-12T11:11:13.004033+0800 INFO 处理电站: 12345
2025-02-12T11:11:16.055808+0800 INFO 开始对电站 12345 进行模型训练...
2025-02-12T11:11:22.891439+0800 WARNING 电站12345气象数据不足3个月
2025-02-12T11:11:24.994700+0800 INFO 电站初始化完成。
2025-02-12T11:11:25.000089+0800 INFO 调度器已启动
2025-02-12T11:14:12.320118+0800 INFO 开始电站注册...
2025-02-12T11:14:12.484777+0800 INFO 检测到 178 个异常值并已处理
2025-02-12T11:14:12.818757+0800 INFO 负荷数据处理完成
2025-02-12T11:14:12.820750+0800 INFO 开始初始化数据库...
2025-02-12T11:14:12.834525+0800 INFO 配置加载成功
2025-02-12T11:14:12.835456+0800 INFO 数据库配置: {'host': '121.40.64.25', 'port': 30306, 'user': 'root', 'password': 'lqJeaFfVmD', 'database': 'vpp'}
2025-02-12T11:14:18.310430+0800 INFO 开始初始化数据库...
2025-02-12T11:14:18.344295+0800 INFO 配置加载成功
2025-02-12T11:14:18.344295+0800 INFO 数据库配置: {'host': '121.40.64.25', 'port': 30306, 'user': 'root', 'password': 'lqJeaFfVmD', 'database': 'vpp'}
2025-02-12T11:14:45.535987+0800 INFO 电站12345历史负荷时长超过3个月，开始模型训练
2025-02-12T11:26:26.635167+0800 WARNING 电站12345气象数据不足3个月
2025-02-12T11:26:26.636089+0800 INFO 电站 12345 注册成功
2025-02-12T15:52:49.726790+0800 INFO 气象数据获取任务已添加，将在每日19点执行
2025-02-12T15:52:49.727787+0800 INFO 已移除任务: meteo_fetch
2025-02-12T15:52:49.728783+0800 INFO 气象数据获取任务已添加，将在每日2点执行
2025-02-12T15:52:49.728783+0800 INFO 已移除任务: meteo_fetch
2025-02-12T15:52:49.729780+0800 INFO 气象数据获取任务已添加，将在每日8点执行
2025-02-12T15:52:49.729780+0800 INFO 已移除任务: meteo_fetch
2025-02-12T15:52:49.730776+0800 INFO 气象数据获取任务已添加，将在每日14点执行
2025-02-12T15:52:49.730776+0800 INFO 已移除任务: meteo_fetch
2025-02-12T15:52:49.731773+0800 INFO 气象数据获取任务已添加，将在每日20点执行
2025-02-12T15:52:49.733767+0800 INFO 模型训练任务已添加，将在每日23:15执行
2025-02-12T15:52:49.734764+0800 INFO 特征搜索任务已添加，将在每月1日10点执行
2025-02-12T15:52:49.735761+0800 INFO 开始初始化电站信息...
2025-02-12T15:52:49.917153+0800 INFO 处理电站: 12345
2025-02-12T15:52:55.554830+0800 INFO 开始对电站 12345 进行模型训练...
2025-02-12T15:53:00.453766+0800 WARNING 电站12345气象数据不足3个月
2025-02-12T15:53:03.754742+0800 INFO 电站初始化完成。
2025-02-12T15:53:03.771210+0800 INFO 调度器已启动
2025-02-12T15:53:13.424310+0800 INFO 开始电站注册...
2025-02-12T15:53:13.560855+0800 INFO 检测到 178 个异常值并已处理
2025-02-12T15:53:13.899459+0800 INFO 负荷数据处理完成
2025-02-12T15:53:13.901722+0800 INFO 开始初始化数据库...
2025-02-12T15:53:13.915676+0800 INFO 配置加载成功
2025-02-12T15:53:13.915676+0800 INFO 数据库配置: {'host': '121.40.64.25', 'port': 30306, 'user': 'root', 'password': 'lqJeaFfVmD', 'database': 'vpp'}
2025-02-12T15:53:19.129623+0800 INFO 开始初始化数据库...
2025-02-12T15:53:19.144575+0800 INFO 配置加载成功
2025-02-12T15:53:19.144575+0800 INFO 数据库配置: {'host': '121.40.64.25', 'port': 30306, 'user': 'root', 'password': 'lqJeaFfVmD', 'database': 'vpp'}
2025-02-12T15:53:46.167690+0800 INFO 电站12345历史负荷时长超过3个月，开始模型训练
2025-02-12T15:57:50.204503+0800 WARNING 电站12345气象数据不足3个月
2025-02-12T15:57:50.205500+0800 INFO 电站 12345 注册成功
2025-02-12T15:58:36.480850+0800 INFO 开始电站注册...
2025-02-12T15:58:36.590583+0800 INFO 检测到 178 个异常值并已处理
2025-02-12T15:58:36.937578+0800 INFO 负荷数据处理完成
2025-02-12T15:58:36.939562+0800 INFO 开始初始化数据库...
2025-02-12T15:58:36.953523+0800 INFO 配置加载成功
2025-02-12T15:58:36.954519+0800 INFO 数据库配置: {'host': '121.40.64.25', 'port': 30306, 'user': 'root', 'password': 'lqJeaFfVmD', 'database': 'vpp'}
2025-02-12T15:58:44.650710+0800 INFO 开始初始化数据库...
2025-02-12T15:58:44.679612+0800 INFO 配置加载成功
2025-02-12T15:58:44.679612+0800 INFO 数据库配置: {'host': '121.40.64.25', 'port': 30306, 'user': 'root', 'password': 'lqJeaFfVmD', 'database': 'vpp'}
2025-02-12T16:03:39.262019+0800 INFO 电站12345历史气象数据拉取任务完成
2025-02-12T16:03:57.439226+0800 INFO 气象数据获取任务已添加，将在每日19点执行
2025-02-12T16:03:57.439226+0800 INFO 已移除任务: meteo_fetch
2025-02-12T16:03:57.439226+0800 INFO 气象数据获取任务已添加，将在每日2点执行
2025-02-12T16:03:57.440223+0800 INFO 已移除任务: meteo_fetch
2025-02-12T16:03:57.440223+0800 INFO 气象数据获取任务已添加，将在每日8点执行
2025-02-12T16:03:57.441225+0800 INFO 已移除任务: meteo_fetch
2025-02-12T16:03:57.441225+0800 INFO 气象数据获取任务已添加，将在每日14点执行
2025-02-12T16:03:57.441225+0800 INFO 已移除任务: meteo_fetch
2025-02-12T16:03:57.442220+0800 INFO 气象数据获取任务已添加，将在每日20点执行
2025-02-12T16:03:57.442220+0800 INFO 模型训练任务已添加，将在每日23:15执行
2025-02-12T16:03:57.443218+0800 INFO 特征搜索任务已添加，将在每月1日10点执行
2025-02-12T16:03:57.443218+0800 INFO 开始初始化电站信息...
2025-02-12T16:03:57.602685+0800 INFO 处理电站: 12345
2025-02-12T16:07:24.363144+0800 INFO 开始对电站 12345 进行模型训练...
2025-02-12T16:07:29.668733+0800 INFO 特征工程完成，共生成 105 个特征
2025-02-12T16:07:30.075852+0800 INFO 特征工程完成，共生成 105 个特征
2025-02-12T16:07:30.487121+0800 INFO 特征工程完成，共生成 105 个特征
2025-02-12T16:07:30.950294+0800 INFO 特征工程完成，共生成 105 个特征
2025-02-12T16:07:31.360322+0800 INFO 特征工程完成，共生成 105 个特征
2025-02-12T16:07:31.838990+0800 INFO 特征工程完成，共生成 105 个特征
2025-02-12T16:07:32.256362+0800 INFO 特征工程完成，共生成 105 个特征
2025-02-12T16:07:32.667225+0800 INFO 特征工程完成，共生成 105 个特征
2025-02-12T16:07:33.137970+0800 INFO 特征工程完成，共生成 105 个特征
2025-02-12T16:07:33.551435+0800 INFO 特征工程完成，共生成 105 个特征
2025-02-12T16:07:33.981103+0800 INFO 特征工程完成，共生成 105 个特征
2025-02-12T16:07:34.477112+0800 INFO 特征工程完成，共生成 105 个特征
2025-02-12T16:07:34.887532+0800 INFO 特征工程完成，共生成 105 个特征
2025-02-12T16:07:35.310000+0800 INFO 特征工程完成，共生成 105 个特征
2025-02-12T16:07:35.797695+0800 INFO 特征工程完成，共生成 105 个特征
2025-02-12T16:07:36.197460+0800 INFO 特征工程完成，共生成 105 个特征
2025-02-12T16:07:47.087775+0800 INFO site_id_12345_model_0模型保存成功
2025-02-12T16:27:56.616896+0800 INFO 气象数据获取任务已添加，将在每日19点执行
2025-02-12T16:27:56.616896+0800 INFO 已移除任务: meteo_fetch
2025-02-12T16:27:56.617843+0800 INFO 气象数据获取任务已添加，将在每日2点执行
2025-02-12T16:27:56.617843+0800 INFO 已移除任务: meteo_fetch
2025-02-12T16:27:56.618840+0800 INFO 气象数据获取任务已添加，将在每日8点执行
2025-02-12T16:27:56.618840+0800 INFO 已移除任务: meteo_fetch
2025-02-12T16:27:56.618840+0800 INFO 气象数据获取任务已添加，将在每日14点执行
2025-02-12T16:27:56.618840+0800 INFO 已移除任务: meteo_fetch
2025-02-12T16:27:56.618840+0800 INFO 气象数据获取任务已添加，将在每日20点执行
2025-02-12T16:27:56.619837+0800 INFO 模型训练任务已添加，将在每日23:15执行
2025-02-12T16:27:56.620834+0800 INFO 特征搜索任务已添加，将在每月1日10点执行
2025-02-12T16:27:56.621830+0800 INFO 开始初始化电站信息...
2025-02-12T16:27:56.781336+0800 INFO 处理电站: 12345
2025-02-12T16:28:02.710527+0800 INFO 开始对电站 12345 进行模型训练...
2025-02-12T16:28:09.880689+0800 INFO 特征工程完成，共生成 105 个特征
2025-02-12T16:28:10.298452+0800 INFO 特征工程完成，共生成 105 个特征
2025-02-12T16:28:10.715613+0800 INFO 特征工程完成，共生成 105 个特征
2025-02-12T16:28:11.168546+0800 INFO 特征工程完成，共生成 105 个特征
2025-02-12T16:28:11.572056+0800 INFO 特征工程完成，共生成 105 个特征
2025-02-12T16:28:11.972505+0800 INFO 特征工程完成，共生成 105 个特征
2025-02-12T16:28:12.445672+0800 INFO 特征工程完成，共生成 105 个特征
2025-02-12T16:28:12.857633+0800 INFO 特征工程完成，共生成 105 个特征
2025-02-12T16:28:13.272831+0800 INFO 特征工程完成，共生成 105 个特征
2025-02-12T16:28:13.735043+0800 INFO 特征工程完成，共生成 105 个特征
2025-02-12T16:28:14.156661+0800 INFO 特征工程完成，共生成 105 个特征
2025-02-12T16:28:14.604542+0800 INFO 特征工程完成，共生成 105 个特征
2025-02-12T16:28:15.012781+0800 INFO 特征工程完成，共生成 105 个特征
2025-02-12T16:28:15.413920+0800 INFO 特征工程完成，共生成 105 个特征
2025-02-12T16:28:15.918243+0800 INFO 特征工程完成，共生成 105 个特征
2025-02-12T16:28:16.328262+0800 INFO 特征工程完成，共生成 105 个特征
2025-02-12T16:28:39.185525+0800 INFO site_id_12345_model_0模型保存成功
2025-02-12T16:28:45.546412+0800 INFO site_id_12345_model_1模型保存成功
2025-02-12T16:28:48.587229+0800 INFO site_id_12345_model_2模型保存成功
2025-02-12T16:28:51.737636+0800 INFO site_id_12345_model_3模型保存成功
2025-02-12T16:28:54.858858+0800 INFO site_id_12345_model_4模型保存成功
2025-02-12T16:28:58.000397+0800 INFO site_id_12345_model_5模型保存成功
2025-02-12T16:29:01.242792+0800 INFO site_id_12345_model_6模型保存成功
2025-02-12T16:29:04.405849+0800 INFO site_id_12345_model_7模型保存成功
2025-02-12T16:29:07.494603+0800 INFO site_id_12345_model_8模型保存成功
2025-02-12T16:29:10.610424+0800 INFO site_id_12345_model_9模型保存成功
2025-02-12T16:29:13.693003+0800 INFO site_id_12345_model_10模型保存成功
2025-02-12T16:29:16.806271+0800 INFO site_id_12345_model_11模型保存成功
2025-02-12T16:29:19.934214+0800 INFO site_id_12345_model_12模型保存成功
2025-02-12T16:29:23.022653+0800 INFO site_id_12345_model_13模型保存成功
2025-02-12T16:29:26.121094+0800 INFO site_id_12345_model_14模型保存成功
2025-02-12T16:29:29.213147+0800 INFO site_id_12345_model_15模型保存成功
2025-02-12T16:29:35.451855+0800 INFO 电站12345模型训练成功
2025-02-12T16:32:17.744431+0800 INFO 气象数据获取任务已添加，将在每日19点执行
2025-02-12T16:32:17.744431+0800 INFO 已移除任务: meteo_fetch
2025-02-12T16:32:17.745428+0800 INFO 气象数据获取任务已添加，将在每日2点执行
2025-02-12T16:32:17.745428+0800 INFO 已移除任务: meteo_fetch
2025-02-12T16:32:17.745428+0800 INFO 气象数据获取任务已添加，将在每日8点执行
2025-02-12T16:32:17.746424+0800 INFO 已移除任务: meteo_fetch
2025-02-12T16:32:17.746424+0800 INFO 气象数据获取任务已添加，将在每日14点执行
2025-02-12T16:32:17.746424+0800 INFO 已移除任务: meteo_fetch
2025-02-12T16:32:17.747421+0800 INFO 气象数据获取任务已添加，将在每日20点执行
2025-02-12T16:32:17.747421+0800 INFO 模型训练任务已添加，将在每日23:15执行
2025-02-12T16:32:17.748418+0800 INFO 特征搜索任务已添加，将在每月1日10点执行
2025-02-12T16:32:17.748418+0800 INFO 开始初始化电站信息...
2025-02-12T16:32:17.908727+0800 INFO 处理电站: 12345
2025-02-12T16:32:18.489943+0800 INFO 开始对电站 12345 进行模型训练...
2025-02-12T16:32:20.767565+0800 INFO 特征工程完成，共生成 105 个特征
2025-02-12T16:32:21.172437+0800 INFO 特征工程完成，共生成 105 个特征
2025-02-12T16:32:21.582619+0800 INFO 特征工程完成，共生成 105 个特征
2025-02-12T16:32:22.041856+0800 INFO 特征工程完成，共生成 105 个特征
2025-02-12T16:32:22.452994+0800 INFO 特征工程完成，共生成 105 个特征
2025-02-12T16:32:22.858348+0800 INFO 特征工程完成，共生成 105 个特征
2025-02-12T16:32:23.325350+0800 INFO 特征工程完成，共生成 105 个特征
2025-02-12T16:32:23.760742+0800 INFO 特征工程完成，共生成 105 个特征
2025-02-12T16:32:24.222408+0800 INFO 特征工程完成，共生成 105 个特征
2025-02-12T16:32:24.625621+0800 INFO 特征工程完成，共生成 105 个特征
2025-02-12T16:32:25.068206+0800 INFO 特征工程完成，共生成 105 个特征
2025-02-12T16:32:25.549847+0800 INFO 特征工程完成，共生成 105 个特征
2025-02-12T16:32:25.980185+0800 INFO 特征工程完成，共生成 105 个特征
2025-02-12T16:32:26.389469+0800 INFO 特征工程完成，共生成 105 个特征
2025-02-12T16:32:26.847477+0800 INFO 特征工程完成，共生成 105 个特征
2025-02-12T16:32:27.269409+0800 INFO 特征工程完成，共生成 105 个特征
2025-02-12T16:32:30.418352+0800 INFO site_id_12345_model_0模型保存成功
2025-02-12T16:32:33.489096+0800 INFO site_id_12345_model_1模型保存成功
2025-02-12T16:32:36.620324+0800 INFO site_id_12345_model_2模型保存成功
2025-02-12T16:32:39.728935+0800 INFO site_id_12345_model_3模型保存成功
2025-02-12T16:32:42.853051+0800 INFO site_id_12345_model_4模型保存成功
2025-02-12T16:32:45.886794+0800 INFO site_id_12345_model_5模型保存成功
2025-02-12T16:32:49.001160+0800 INFO site_id_12345_model_6模型保存成功
2025-02-12T16:32:52.162656+0800 INFO site_id_12345_model_7模型保存成功
2025-02-12T16:32:55.287707+0800 INFO site_id_12345_model_8模型保存成功
2025-02-12T16:32:58.436721+0800 INFO site_id_12345_model_9模型保存成功
2025-02-12T16:33:01.565783+0800 INFO site_id_12345_model_10模型保存成功
2025-02-12T16:33:04.766388+0800 INFO site_id_12345_model_11模型保存成功
2025-02-12T16:33:07.977356+0800 INFO site_id_12345_model_12模型保存成功
2025-02-12T16:33:11.411527+0800 INFO site_id_12345_model_13模型保存成功
2025-02-12T16:33:14.679950+0800 INFO site_id_12345_model_14模型保存成功
2025-02-12T16:33:17.943384+0800 INFO site_id_12345_model_15模型保存成功
2025-02-12T16:33:20.664745+0800 INFO 电站12345模型训练成功
2025-02-12T16:33:24.704918+0800 INFO 电站初始化完成。
2025-02-12T16:33:24.722855+0800 INFO 调度器已启动
2025-02-12T16:33:55.708687+0800 INFO 开始电站注册...
2025-02-12T16:33:55.887932+0800 INFO 检测到 178 个异常值并已处理
2025-02-12T16:33:56.304468+0800 INFO 负荷数据处理完成
2025-02-12T16:33:56.306427+0800 INFO 开始初始化数据库...
2025-02-12T16:33:56.321377+0800 INFO 配置加载成功
2025-02-12T16:33:56.321377+0800 INFO 数据库配置: {'host': '121.40.64.25', 'port': 30306, 'user': 'root', 'password': 'lqJeaFfVmD', 'database': 'vpp'}
2025-02-12T16:34:15.926501+0800 INFO 开始初始化数据库...
2025-02-12T16:34:15.947431+0800 INFO 配置加载成功
2025-02-12T16:34:15.947431+0800 INFO 数据库配置: {'host': '121.40.64.25', 'port': 30306, 'user': 'root', 'password': 'lqJeaFfVmD', 'database': 'vpp'}
2025-02-12T16:34:35.560392+0800 INFO 电站12345历史气象数据拉取任务完成
2025-02-12T16:34:35.561308+0800 INFO 电站12345历史负荷时长超过3个月，开始模型训练
2025-02-12T16:34:40.134995+0800 INFO 特征工程完成，共生成 105 个特征
2025-02-12T16:34:40.609656+0800 INFO 特征工程完成，共生成 105 个特征
2025-02-12T16:34:41.012232+0800 INFO 特征工程完成，共生成 105 个特征
2025-02-12T16:34:41.410943+0800 INFO 特征工程完成，共生成 105 个特征
2025-02-12T16:34:41.876521+0800 INFO 特征工程完成，共生成 105 个特征
2025-02-12T16:34:42.284540+0800 INFO 特征工程完成，共生成 105 个特征
2025-02-12T16:34:42.699998+0800 INFO 特征工程完成，共生成 105 个特征
2025-02-12T16:34:43.161011+0800 INFO 特征工程完成，共生成 105 个特征
2025-02-12T16:34:43.571652+0800 INFO 特征工程完成，共生成 105 个特征
2025-02-12T16:34:44.043224+0800 INFO 特征工程完成，共生成 105 个特征
2025-02-12T16:34:44.458880+0800 INFO 特征工程完成，共生成 105 个特征
2025-02-12T16:34:44.870848+0800 INFO 特征工程完成，共生成 105 个特征
2025-02-12T16:34:45.349189+0800 INFO 特征工程完成，共生成 105 个特征
2025-02-12T16:34:45.765188+0800 INFO 特征工程完成，共生成 105 个特征
2025-02-12T16:34:46.170718+0800 INFO 特征工程完成，共生成 105 个特征
2025-02-12T16:34:46.645762+0800 INFO 特征工程完成，共生成 105 个特征
2025-02-12T16:34:49.777494+0800 INFO site_id_12345_model_0模型保存成功
2025-02-12T16:34:52.966904+0800 INFO site_id_12345_model_1模型保存成功
2025-02-12T16:34:56.105632+0800 INFO site_id_12345_model_2模型保存成功
2025-02-12T16:34:59.296157+0800 INFO site_id_12345_model_3模型保存成功
2025-02-12T16:35:02.518222+0800 INFO site_id_12345_model_4模型保存成功
2025-02-12T16:35:05.710721+0800 INFO site_id_12345_model_5模型保存成功
2025-02-12T16:35:08.930901+0800 INFO site_id_12345_model_6模型保存成功
2025-02-12T16:35:12.138194+0800 INFO site_id_12345_model_7模型保存成功
2025-02-12T16:35:15.338521+0800 INFO site_id_12345_model_8模型保存成功
2025-02-12T16:35:18.592172+0800 INFO site_id_12345_model_9模型保存成功
2025-02-12T16:35:21.831469+0800 INFO site_id_12345_model_10模型保存成功
2025-02-12T16:35:25.091000+0800 INFO site_id_12345_model_11模型保存成功
2025-02-12T16:35:28.379372+0800 INFO site_id_12345_model_12模型保存成功
2025-02-12T16:35:31.693640+0800 INFO site_id_12345_model_13模型保存成功
2025-02-12T16:35:35.012514+0800 INFO site_id_12345_model_14模型保存成功
2025-02-12T16:35:38.329568+0800 INFO site_id_12345_model_15模型保存成功
2025-02-12T16:36:41.111002+0800 INFO 电站12345模型训练成功
2025-02-12T16:36:47.359047+0800 INFO 电站 12345 注册成功
2025-02-12T16:46:43.448733+0800 INFO 气象数据获取任务已添加，将在每日19点执行
2025-02-12T16:46:43.448733+0800 INFO 已移除任务: meteo_fetch
2025-02-12T16:46:43.448733+0800 INFO 气象数据获取任务已添加，将在每日2点执行
2025-02-12T16:46:43.449722+0800 INFO 已移除任务: meteo_fetch
2025-02-12T16:46:43.449722+0800 INFO 气象数据获取任务已添加，将在每日8点执行
2025-02-12T16:46:43.450247+0800 INFO 已移除任务: meteo_fetch
2025-02-12T16:46:43.450247+0800 INFO 气象数据获取任务已添加，将在每日14点执行
2025-02-12T16:46:43.451240+0800 INFO 已移除任务: meteo_fetch
2025-02-12T16:46:43.451546+0800 INFO 气象数据获取任务已添加，将在每日20点执行
2025-02-12T16:46:43.451546+0800 INFO 模型训练任务已添加，将在每日23:15执行
2025-02-12T16:46:43.452536+0800 INFO 特征搜索任务已添加，将在每月1日10点执行
2025-02-12T16:46:43.452536+0800 INFO 开始初始化电站信息...
2025-02-12T16:46:43.625498+0800 INFO 处理电站: 12345
2025-02-12T16:46:44.194943+0800 INFO 开始对电站 12345 进行模型训练...
2025-02-12T16:46:46.736027+0800 INFO 特征工程完成，共生成 105 个特征
2025-02-12T16:46:47.174868+0800 INFO 特征工程完成，共生成 105 个特征
2025-02-12T16:46:47.611313+0800 INFO 特征工程完成，共生成 105 个特征
2025-02-12T16:46:48.099259+0800 INFO 特征工程完成，共生成 105 个特征
2025-02-12T16:46:48.524827+0800 INFO 特征工程完成，共生成 105 个特征
2025-02-12T16:46:48.959104+0800 INFO 特征工程完成，共生成 105 个特征
2025-02-12T16:46:49.439333+0800 INFO 特征工程完成，共生成 105 个特征
2025-02-12T16:46:49.867356+0800 INFO 特征工程完成，共生成 105 个特征
2025-02-12T16:46:50.349925+0800 INFO 特征工程完成，共生成 105 个特征
2025-02-12T16:46:50.782192+0800 INFO 特征工程完成，共生成 105 个特征
2025-02-12T16:46:51.220409+0800 INFO 特征工程完成，共生成 105 个特征
2025-02-12T16:46:51.710110+0800 INFO 特征工程完成，共生成 105 个特征
2025-02-12T16:46:52.142974+0800 INFO 特征工程完成，共生成 105 个特征
2025-02-12T16:46:52.582301+0800 INFO 特征工程完成，共生成 105 个特征
2025-02-12T16:46:53.070122+0800 INFO 特征工程完成，共生成 105 个特征
2025-02-12T16:46:53.490537+0800 INFO 特征工程完成，共生成 105 个特征
2025-02-12T16:46:56.873533+0800 INFO site_id_12345_model_0模型保存成功
2025-02-12T16:47:00.393388+0800 INFO site_id_12345_model_1模型保存成功
2025-02-12T16:47:03.969570+0800 INFO site_id_12345_model_2模型保存成功
2025-02-12T16:47:07.558154+0800 INFO site_id_12345_model_3模型保存成功
2025-02-12T16:47:11.358146+0800 INFO site_id_12345_model_4模型保存成功
2025-02-12T16:47:15.211579+0800 INFO site_id_12345_model_5模型保存成功
2025-02-12T16:47:18.910656+0800 INFO site_id_12345_model_6模型保存成功
2025-02-12T16:47:22.791933+0800 INFO site_id_12345_model_7模型保存成功
2025-02-12T16:47:26.593799+0800 INFO site_id_12345_model_8模型保存成功
2025-02-12T16:47:30.416032+0800 INFO site_id_12345_model_9模型保存成功
2025-02-12T16:47:34.093008+0800 INFO site_id_12345_model_10模型保存成功
2025-02-12T16:47:38.036139+0800 INFO site_id_12345_model_11模型保存成功
2025-02-12T16:47:42.058023+0800 INFO site_id_12345_model_12模型保存成功
2025-02-12T16:47:45.953038+0800 INFO site_id_12345_model_13模型保存成功
2025-02-12T16:47:49.866168+0800 INFO site_id_12345_model_14模型保存成功
2025-02-12T16:47:53.759157+0800 INFO site_id_12345_model_15模型保存成功
2025-02-12T16:48:02.377414+0800 INFO 电站12345模型训练成功
2025-02-12T16:48:02.543066+0800 INFO 电站初始化完成。
2025-02-12T16:48:02.560644+0800 INFO 调度器已启动
2025-02-12T16:48:51.726307+0800 INFO 开始实时数据上传...
2025-02-12T16:48:51.900263+0800 ERROR 实时数据上传失败: 'load_time'
2025-02-12T16:49:10.399853+0800 INFO 开始实时数据上传...
2025-02-12T17:07:57.104223+0800 INFO 气象数据获取任务已添加，将在每日19点执行
2025-02-12T17:07:57.104223+0800 INFO 已移除任务: meteo_fetch
2025-02-12T17:07:57.105220+0800 INFO 气象数据获取任务已添加，将在每日2点执行
2025-02-12T17:07:57.105220+0800 INFO 已移除任务: meteo_fetch
2025-02-12T17:07:57.105220+0800 INFO 气象数据获取任务已添加，将在每日8点执行
2025-02-12T17:07:57.105220+0800 INFO 已移除任务: meteo_fetch
2025-02-12T17:07:57.106216+0800 INFO 气象数据获取任务已添加，将在每日14点执行
2025-02-12T17:07:57.106216+0800 INFO 已移除任务: meteo_fetch
2025-02-12T17:07:57.106216+0800 INFO 气象数据获取任务已添加，将在每日20点执行
2025-02-12T17:07:57.107213+0800 INFO 模型训练任务已添加，将在每日23:15执行
2025-02-12T17:07:57.107213+0800 INFO 特征搜索任务已添加，将在每月1日10点执行
2025-02-12T17:07:57.109206+0800 INFO 开始初始化电站信息...
2025-02-12T17:07:57.267505+0800 INFO 处理电站: 12345
2025-02-12T17:07:57.833647+0800 INFO 开始对电站 12345 进行模型训练...
2025-02-12T17:08:00.236633+0800 INFO 特征工程完成，共生成 105 个特征
2025-02-12T17:08:00.643599+0800 INFO 特征工程完成，共生成 105 个特征
2025-02-12T17:08:01.056992+0800 INFO 特征工程完成，共生成 105 个特征
2025-02-12T17:08:01.513484+0800 INFO 特征工程完成，共生成 105 个特征
2025-02-12T17:08:01.921692+0800 INFO 特征工程完成，共生成 105 个特征
2025-02-12T17:08:02.322121+0800 INFO 特征工程完成，共生成 105 个特征
2025-02-12T17:08:02.781757+0800 INFO 特征工程完成，共生成 105 个特征
2025-02-12T17:08:03.191704+0800 INFO 特征工程完成，共生成 105 个特征
2025-02-12T17:08:03.639806+0800 INFO 特征工程完成，共生成 105 个特征
2025-02-12T17:08:04.048617+0800 INFO 特征工程完成，共生成 105 个特征
2025-02-12T17:08:04.458363+0800 INFO 特征工程完成，共生成 105 个特征
2025-02-12T17:08:04.913548+0800 INFO 特征工程完成，共生成 105 个特征
2025-02-12T17:08:05.318429+0800 INFO 特征工程完成，共生成 105 个特征
2025-02-12T17:08:05.725450+0800 INFO 特征工程完成，共生成 105 个特征
2025-02-12T17:08:06.175710+0800 INFO 特征工程完成，共生成 105 个特征
2025-02-12T17:08:06.579325+0800 INFO 特征工程完成，共生成 105 个特征
2025-02-12T17:08:09.648700+0800 INFO site_id_12345_model_0模型保存成功
2025-02-12T17:08:12.762368+0800 INFO site_id_12345_model_1模型保存成功
2025-02-12T17:08:15.885358+0800 INFO site_id_12345_model_2模型保存成功
2025-02-12T17:08:18.967772+0800 INFO site_id_12345_model_3模型保存成功
2025-02-12T17:08:22.128133+0800 INFO site_id_12345_model_4模型保存成功
2025-02-12T17:08:25.291725+0800 INFO site_id_12345_model_5模型保存成功
2025-02-12T17:08:28.421733+0800 INFO site_id_12345_model_6模型保存成功
2025-02-12T17:08:31.614501+0800 INFO site_id_12345_model_7模型保存成功
2025-02-12T17:08:34.760985+0800 INFO site_id_12345_model_8模型保存成功
2025-02-12T17:08:37.873758+0800 INFO site_id_12345_model_9模型保存成功
2025-02-12T17:08:40.992178+0800 INFO site_id_12345_model_10模型保存成功
2025-02-12T17:08:44.122056+0800 INFO site_id_12345_model_11模型保存成功
2025-02-12T17:08:47.284688+0800 INFO site_id_12345_model_12模型保存成功
2025-02-12T17:08:50.415534+0800 INFO site_id_12345_model_13模型保存成功
2025-02-12T17:08:53.606446+0800 INFO site_id_12345_model_14模型保存成功
2025-02-12T17:08:56.742374+0800 INFO site_id_12345_model_15模型保存成功
2025-02-12T17:08:56.742374+0800 INFO 电站12345模型训练成功
2025-02-12T17:08:56.884771+0800 INFO 电站初始化完成。
2025-02-12T17:08:56.889644+0800 INFO 调度器已启动
2025-02-12T17:09:10.290187+0800 INFO 开始实时数据上传...
2025-02-12T17:10:23.037099+0800 WARNING 电站 12345 的历史负荷数据为空
2025-02-12T17:15:05.153750+0800 INFO 气象数据获取任务已添加，将在每日19点执行
2025-02-12T17:15:05.153750+0800 INFO 已移除任务: meteo_fetch
2025-02-12T17:15:05.154747+0800 INFO 气象数据获取任务已添加，将在每日2点执行
2025-02-12T17:15:05.154747+0800 INFO 已移除任务: meteo_fetch
2025-02-12T17:15:05.155744+0800 INFO 气象数据获取任务已添加，将在每日8点执行
2025-02-12T17:15:05.155744+0800 INFO 已移除任务: meteo_fetch
2025-02-12T17:15:05.155744+0800 INFO 气象数据获取任务已添加，将在每日14点执行
2025-02-12T17:15:05.156741+0800 INFO 已移除任务: meteo_fetch
2025-02-12T17:15:05.156741+0800 INFO 气象数据获取任务已添加，将在每日20点执行
2025-02-12T17:15:05.156741+0800 INFO 模型训练任务已添加，将在每日23:15执行
2025-02-12T17:15:05.157737+0800 INFO 特征搜索任务已添加，将在每月1日10点执行
2025-02-12T17:15:05.157737+0800 INFO 开始初始化电站信息...
2025-02-12T17:15:05.328691+0800 INFO 处理电站: 12345
2025-02-12T17:15:05.935050+0800 INFO 开始对电站 12345 进行模型训练...
2025-02-12T17:15:08.466297+0800 INFO 特征工程完成，共生成 105 个特征
2025-02-12T17:15:08.913285+0800 INFO 特征工程完成，共生成 105 个特征
2025-02-12T17:15:09.365378+0800 INFO 特征工程完成，共生成 105 个特征
2025-02-12T17:15:09.852052+0800 INFO 特征工程完成，共生成 105 个特征
2025-02-12T17:15:10.287284+0800 INFO 特征工程完成，共生成 105 个特征
2025-02-12T17:15:10.717050+0800 INFO 特征工程完成，共生成 105 个特征
2025-02-12T17:15:11.208749+0800 INFO 特征工程完成，共生成 105 个特征
2025-02-12T17:15:11.633389+0800 INFO 特征工程完成，共生成 105 个特征
2025-02-12T17:15:12.128834+0800 INFO 特征工程完成，共生成 105 个特征
2025-02-12T17:15:12.568767+0800 INFO 特征工程完成，共生成 105 个特征
2025-02-12T17:15:12.995327+0800 INFO 特征工程完成，共生成 105 个特征
2025-02-12T17:15:13.473898+0800 INFO 特征工程完成，共生成 105 个特征
2025-02-12T17:15:13.904290+0800 INFO 特征工程完成，共生成 105 个特征
2025-02-12T17:15:14.333743+0800 INFO 特征工程完成，共生成 105 个特征
2025-02-12T17:15:14.856760+0800 INFO 特征工程完成，共生成 105 个特征
2025-02-12T17:15:15.277843+0800 INFO 特征工程完成，共生成 105 个特征
2025-02-12T17:15:18.792726+0800 INFO site_id_12345_model_0模型保存成功
2025-02-12T17:15:22.411929+0800 INFO site_id_12345_model_1模型保存成功
2025-02-12T17:15:26.150126+0800 INFO site_id_12345_model_2模型保存成功
2025-02-12T17:15:29.711671+0800 INFO site_id_12345_model_3模型保存成功
2025-02-12T17:15:33.292960+0800 INFO site_id_12345_model_4模型保存成功
2025-02-12T17:15:36.767831+0800 INFO site_id_12345_model_5模型保存成功
2025-02-12T17:15:40.243360+0800 INFO site_id_12345_model_6模型保存成功
2025-02-12T17:15:43.684327+0800 INFO site_id_12345_model_7模型保存成功
2025-02-12T17:15:47.216101+0800 INFO site_id_12345_model_8模型保存成功
2025-02-12T17:15:50.715715+0800 INFO site_id_12345_model_9模型保存成功
2025-02-12T17:15:54.344727+0800 INFO site_id_12345_model_10模型保存成功
2025-02-12T17:15:58.070986+0800 INFO site_id_12345_model_11模型保存成功
2025-02-12T17:16:01.728944+0800 INFO site_id_12345_model_12模型保存成功
2025-02-12T17:16:05.400442+0800 INFO site_id_12345_model_13模型保存成功
2025-02-12T17:16:09.091941+0800 INFO site_id_12345_model_14模型保存成功
2025-02-12T17:16:12.711526+0800 INFO site_id_12345_model_15模型保存成功
2025-02-12T17:16:12.712522+0800 INFO 电站12345模型训练成功
2025-02-12T17:16:12.893671+0800 INFO 电站初始化完成。
2025-02-12T17:16:12.911691+0800 INFO 调度器已启动
2025-02-12T17:16:17.799780+0800 INFO 开始实时数据上传...
2025-02-12T17:16:43.626324+0800 INFO 电站 12345 已训练，开始预测...
2025-02-12T17:17:15.036461+0800 INFO 开始对电站 12345 进行负荷预测...
2025-02-12T17:17:15.196721+0800 WARNING 电站 12345 的模型信息不存在
2025-02-12T17:17:35.053211+0800 ERROR 实时数据上传失败: 1 validation error for CommonResponse
data
  Input should be a valid dictionary [type=dict_type, input_value=None, input_type=NoneType]
    For further information visit https://errors.pydantic.dev/2.5/v/dict_type
2025-02-12T20:01:00.682419+0800 INFO 开始初始化数据库...
2025-02-12T20:01:01.388484+0800 INFO 成功处理 1 个电站的气象数据
2025-02-12T23:15:04.905237+0800 INFO 特征工程完成，共生成 105 个特征
2025-02-12T23:15:05.655719+0800 INFO 特征工程完成，共生成 105 个特征
2025-02-12T23:15:06.366320+0800 INFO 特征工程完成，共生成 105 个特征
2025-02-12T23:15:07.143276+0800 INFO 特征工程完成，共生成 105 个特征
2025-02-12T23:15:07.850417+0800 INFO 特征工程完成，共生成 105 个特征
2025-02-12T23:15:08.550389+0800 INFO 特征工程完成，共生成 105 个特征
2025-02-12T23:15:09.375135+0800 INFO 特征工程完成，共生成 105 个特征
2025-02-12T23:15:10.091799+0800 INFO 特征工程完成，共生成 105 个特征
2025-02-12T23:15:10.877806+0800 INFO 特征工程完成，共生成 105 个特征
2025-02-12T23:15:11.584121+0800 INFO 特征工程完成，共生成 105 个特征
2025-02-12T23:15:12.297713+0800 INFO 特征工程完成，共生成 105 个特征
2025-02-12T23:15:13.096841+0800 INFO 特征工程完成，共生成 105 个特征
2025-02-12T23:15:13.841058+0800 INFO 特征工程完成，共生成 105 个特征
2025-02-12T23:15:14.537978+0800 INFO 特征工程完成，共生成 105 个特征
2025-02-12T23:15:15.358170+0800 INFO 特征工程完成，共生成 105 个特征
2025-02-12T23:15:16.050172+0800 INFO 特征工程完成，共生成 105 个特征
2025-02-12T23:15:20.801144+0800 INFO site_id_12345_model_0模型保存成功
2025-02-12T23:15:25.565554+0800 INFO site_id_12345_model_1模型保存成功
2025-02-12T23:15:31.323972+0800 INFO site_id_12345_model_2模型保存成功
2025-02-12T23:15:36.494625+0800 INFO site_id_12345_model_3模型保存成功
2025-02-12T23:15:42.443419+0800 INFO site_id_12345_model_4模型保存成功
2025-02-12T23:15:49.042550+0800 INFO site_id_12345_model_5模型保存成功
2025-02-12T23:15:55.244143+0800 INFO site_id_12345_model_6模型保存成功
2025-02-12T23:16:01.716335+0800 INFO site_id_12345_model_7模型保存成功
2025-02-12T23:16:07.392772+0800 INFO site_id_12345_model_8模型保存成功
2025-02-12T23:16:13.269708+0800 INFO site_id_12345_model_9模型保存成功
2025-02-12T23:16:19.673287+0800 INFO site_id_12345_model_10模型保存成功
2025-02-12T23:16:25.465788+0800 INFO site_id_12345_model_11模型保存成功
2025-02-12T23:16:31.920555+0800 INFO site_id_12345_model_12模型保存成功
2025-02-12T23:16:38.052235+0800 INFO site_id_12345_model_13模型保存成功
2025-02-12T23:16:44.633542+0800 INFO site_id_12345_model_14模型保存成功
2025-02-12T23:16:51.236839+0800 INFO site_id_12345_model_15模型保存成功
2025-02-12T23:16:51.236839+0800 INFO 电站12345模型训练成功
2025-02-12T23:16:51.389632+0800 INFO 成功处理 1 个电站的模型训练
2025-02-13T09:17:02.044080+0800 INFO 气象数据获取任务已添加，将在每日19点执行
2025-02-13T09:17:02.047068+0800 INFO 已移除任务: meteo_fetch
2025-02-13T09:17:02.048061+0800 INFO 气象数据获取任务已添加，将在每日2点执行
2025-02-13T09:17:02.048061+0800 INFO 已移除任务: meteo_fetch
2025-02-13T09:17:02.048061+0800 INFO 气象数据获取任务已添加，将在每日8点执行
2025-02-13T09:17:02.048061+0800 INFO 已移除任务: meteo_fetch
2025-02-13T09:17:02.048061+0800 INFO 气象数据获取任务已添加，将在每日14点执行
2025-02-13T09:17:02.049057+0800 INFO 已移除任务: meteo_fetch
2025-02-13T09:17:02.049057+0800 INFO 气象数据获取任务已添加，将在每日20点执行
2025-02-13T09:17:02.049057+0800 INFO 模型训练任务已添加，将在每日23:15执行
2025-02-13T09:17:02.049057+0800 INFO 特征搜索任务已添加，将在每月1日10点执行
2025-02-13T09:17:02.051051+0800 INFO 开始初始化电站信息...
2025-02-13T09:17:02.231924+0800 INFO 处理电站: 12345
2025-02-13T09:17:02.962391+0800 INFO 开始对电站 12345 进行模型训练...
2025-02-13T09:17:05.698571+0800 INFO 特征工程完成，共生成 105 个特征
2025-02-13T09:17:06.068837+0800 INFO 特征工程完成，共生成 105 个特征
2025-02-13T09:17:06.402729+0800 INFO 特征工程完成，共生成 105 个特征
2025-02-13T09:17:06.734619+0800 INFO 特征工程完成，共生成 105 个特征
2025-02-13T09:17:07.104450+0800 INFO 特征工程完成，共生成 105 个特征
2025-02-13T09:17:07.441148+0800 INFO 特征工程完成，共生成 105 个特征
2025-02-13T09:17:07.777533+0800 INFO 特征工程完成，共生成 105 个特征
2025-02-13T09:17:08.171871+0800 INFO 特征工程完成，共生成 105 个特征
2025-02-13T09:17:08.507802+0800 INFO 特征工程完成，共生成 105 个特征
2025-02-13T09:17:08.847186+0800 INFO 特征工程完成，共生成 105 个特征
2025-02-13T09:17:09.225855+0800 INFO 特征工程完成，共生成 105 个特征
2025-02-13T09:17:09.590711+0800 INFO 特征工程完成，共生成 105 个特征
2025-02-13T09:17:09.964109+0800 INFO 特征工程完成，共生成 105 个特征
2025-02-13T09:17:10.295666+0800 INFO 特征工程完成，共生成 105 个特征
2025-02-13T09:17:10.623057+0800 INFO 特征工程完成，共生成 105 个特征
2025-02-13T09:17:11.005302+0800 INFO 特征工程完成，共生成 105 个特征
2025-02-13T09:17:14.732635+0800 INFO site_id_12345_model_0模型保存成功
2025-02-13T09:17:17.925952+0800 INFO site_id_12345_model_1模型保存成功
2025-02-13T09:17:21.291156+0800 INFO site_id_12345_model_2模型保存成功
2025-02-13T09:17:24.665454+0800 INFO site_id_12345_model_3模型保存成功
2025-02-13T09:17:28.048760+0800 INFO site_id_12345_model_4模型保存成功
2025-02-13T09:17:31.529022+0800 INFO site_id_12345_model_5模型保存成功
2025-02-13T09:17:35.154948+0800 INFO site_id_12345_model_6模型保存成功
2025-02-13T09:17:38.500260+0800 INFO site_id_12345_model_7模型保存成功
2025-02-13T09:17:42.025627+0800 INFO site_id_12345_model_8模型保存成功
2025-02-13T09:17:45.620368+0800 INFO site_id_12345_model_9模型保存成功
2025-02-13T09:17:49.080651+0800 INFO site_id_12345_model_10模型保存成功
2025-02-13T09:17:52.518706+0800 INFO site_id_12345_model_11模型保存成功
2025-02-13T09:17:56.049238+0800 INFO site_id_12345_model_12模型保存成功
2025-02-13T09:17:59.524823+0800 INFO site_id_12345_model_13模型保存成功
2025-02-13T09:18:02.865146+0800 INFO site_id_12345_model_14模型保存成功
2025-02-13T09:18:06.353343+0800 INFO site_id_12345_model_15模型保存成功
2025-02-13T09:18:06.354340+0800 INFO 电站12345模型训练成功
2025-02-13T09:18:06.505437+0800 INFO 电站初始化完成。
2025-02-13T09:18:06.525371+0800 INFO 调度器已启动
2025-02-13T09:18:13.074271+0800 INFO 开始实时数据上传...
2025-02-13T09:18:13.783646+0800 INFO 电站 12345 已训练，开始预测...
2025-02-13T09:18:13.783646+0800 INFO 开始对电站 12345 进行负荷预测...
2025-02-13T09:18:13.938027+0800 WARNING 电站 12345 的模型信息不存在
2025-02-13T09:18:13.941017+0800 ERROR 实时数据上传失败: 1 validation error for CommonResponse
data
  Input should be a valid dictionary [type=dict_type, input_value=None, input_type=NoneType]
    For further information visit https://errors.pydantic.dev/2.5/v/dict_type
2025-02-13T09:18:30.352205+0800 INFO 开始实时数据上传...
2025-02-13T09:18:31.023454+0800 INFO 电站 12345 已训练，开始预测...
2025-02-13T09:18:31.024449+0800 INFO 开始对电站 12345 进行负荷预测...
2025-02-13T09:18:31.216196+0800 WARNING 电站 12345 的模型信息不存在
2025-02-13T09:18:31.216196+0800 ERROR 实时数据上传失败: 1 validation error for CommonResponse
data
  Input should be a valid dictionary [type=dict_type, input_value=None, input_type=NoneType]
    For further information visit https://errors.pydantic.dev/2.5/v/dict_type
2025-02-13T09:19:32.959056+0800 INFO 气象数据获取任务已添加，将在每日19点执行
2025-02-13T09:19:32.960090+0800 INFO 已移除任务: meteo_fetch
2025-02-13T09:19:32.960090+0800 INFO 气象数据获取任务已添加，将在每日2点执行
2025-02-13T09:19:32.960090+0800 INFO 已移除任务: meteo_fetch
2025-02-13T09:19:32.961056+0800 INFO 气象数据获取任务已添加，将在每日8点执行
2025-02-13T09:19:32.961056+0800 INFO 已移除任务: meteo_fetch
2025-02-13T09:19:32.961056+0800 INFO 气象数据获取任务已添加，将在每日14点执行
2025-02-13T09:19:32.962073+0800 INFO 已移除任务: meteo_fetch
2025-02-13T09:19:32.962073+0800 INFO 气象数据获取任务已添加，将在每日20点执行
2025-02-13T09:19:32.962073+0800 INFO 模型训练任务已添加，将在每日23:15执行
2025-02-13T09:19:32.963042+0800 INFO 特征搜索任务已添加，将在每月1日10点执行
2025-02-13T09:19:32.963042+0800 INFO 开始初始化电站信息...
2025-02-13T09:19:33.114667+0800 INFO 处理电站: 12345
2025-02-13T09:19:33.678395+0800 INFO 开始对电站 12345 进行模型训练...
2025-02-13T09:19:36.067526+0800 INFO 特征工程完成，共生成 105 个特征
2025-02-13T09:19:36.609321+0800 INFO 特征工程完成，共生成 105 个特征
2025-02-13T09:19:37.173027+0800 INFO 特征工程完成，共生成 105 个特征
2025-02-13T09:19:37.637514+0800 INFO 特征工程完成，共生成 105 个特征
2025-02-13T09:19:38.077004+0800 INFO 特征工程完成，共生成 105 个特征
2025-02-13T09:19:38.496326+0800 INFO 特征工程完成，共生成 105 个特征
2025-02-13T09:19:38.971986+0800 INFO 特征工程完成，共生成 105 个特征
2025-02-13T09:19:39.385574+0800 INFO 特征工程完成，共生成 105 个特征
2025-02-13T09:19:39.904596+0800 INFO 特征工程完成，共生成 105 个特征
2025-02-13T09:19:40.327236+0800 INFO 特征工程完成，共生成 105 个特征
2025-02-13T09:19:40.751446+0800 INFO 特征工程完成，共生成 105 个特征
2025-02-13T09:19:41.238159+0800 INFO 特征工程完成，共生成 105 个特征
2025-02-13T09:19:41.656362+0800 INFO 特征工程完成，共生成 105 个特征
2025-02-13T09:19:42.070320+0800 INFO 特征工程完成，共生成 105 个特征
2025-02-13T09:19:42.537678+0800 INFO 特征工程完成，共生成 105 个特征
2025-02-13T09:19:42.944388+0800 INFO 特征工程完成，共生成 105 个特征
2025-02-13T09:19:46.109137+0800 INFO site_id_12345_model_0模型保存成功
2025-02-13T09:19:49.283066+0800 INFO site_id_12345_model_1模型保存成功
2025-02-13T09:19:52.720549+0800 INFO site_id_12345_model_2模型保存成功
2025-02-13T09:19:56.269971+0800 INFO site_id_12345_model_3模型保存成功
2025-02-13T09:19:59.766698+0800 INFO site_id_12345_model_4模型保存成功
2025-02-13T09:20:03.229034+0800 INFO site_id_12345_model_5模型保存成功
2025-02-13T09:20:06.483160+0800 INFO site_id_12345_model_6模型保存成功
2025-02-13T09:20:09.752565+0800 INFO site_id_12345_model_7模型保存成功
2025-02-13T09:20:13.010684+0800 INFO site_id_12345_model_8模型保存成功
2025-02-13T09:20:16.309319+0800 INFO site_id_12345_model_9模型保存成功
2025-02-13T09:20:19.561848+0800 INFO site_id_12345_model_10模型保存成功
2025-02-13T09:20:22.903267+0800 INFO site_id_12345_model_11模型保存成功
2025-02-13T09:20:26.258849+0800 INFO site_id_12345_model_12模型保存成功
2025-02-13T09:20:29.632508+0800 INFO site_id_12345_model_13模型保存成功
2025-02-13T09:20:33.043516+0800 INFO site_id_12345_model_14模型保存成功
2025-02-13T09:20:36.913378+0800 INFO site_id_12345_model_15模型保存成功
2025-02-13T09:20:36.914376+0800 INFO 电站12345模型训练成功
2025-02-13T09:20:37.079822+0800 INFO 电站初始化完成。
2025-02-13T09:20:37.085803+0800 INFO 调度器已启动
2025-02-13T09:21:06.939832+0800 INFO 开始实时数据上传...
