2025-02-15T14:43:36.817717+0800 INFO 开始初始化数据库...
2025-02-15T15:07:44.830243+0800 INFO 气象数据获取任务已添加，将在每日19点执行
2025-02-15T15:07:44.830243+0800 INFO 已移除任务: meteo_fetch
2025-02-15T15:07:44.831241+0800 INFO 气象数据获取任务已添加，将在每日2点执行
2025-02-15T15:07:44.831241+0800 INFO 已移除任务: meteo_fetch
2025-02-15T15:07:44.832238+0800 INFO 气象数据获取任务已添加，将在每日8点执行
2025-02-15T15:07:44.832238+0800 INFO 已移除任务: meteo_fetch
2025-02-15T15:07:44.833235+0800 INFO 气象数据获取任务已添加，将在每日14点执行
2025-02-15T15:07:44.834231+0800 INFO 已移除任务: meteo_fetch
2025-02-15T15:07:44.834231+0800 INFO 气象数据获取任务已添加，将在每日20点执行
2025-02-15T15:07:44.835227+0800 INFO 模型训练任务已添加，将在每日23:15执行
2025-02-15T15:07:44.836224+0800 INFO 特征搜索任务已添加，将在每月1日10点执行
2025-02-15T15:07:44.837221+0800 INFO 开始初始化电站信息...
2025-02-15T15:07:44.991129+0800 INFO 处理电站: 12345
2025-02-15T15:07:45.590661+0800 INFO 开始对电站 12345 进行模型训练...
2025-02-15T15:07:45.590661+0800 INFO 处理电站: 1783375744836177920
2025-02-15T15:07:46.123949+0800 INFO 开始对电站 1783375744836177920 进行模型训练...
2025-02-15T15:07:46.123949+0800 INFO 电站初始化完成。
2025-02-15T15:07:46.127640+0800 INFO 调度器已启动
2025-02-15T15:07:56.171182+0800 INFO 开始初始化数据库...
2025-02-15T15:07:56.777148+0800 INFO 电站1783375744836177920预测气象拉取成功
2025-02-15T15:08:11.016375+0800 INFO 开始初始化数据库...
2025-02-15T15:08:11.553258+0800 INFO 电站1783375744836177920预测气象拉取成功
2025-02-15T15:08:16.302044+0800 INFO 开始初始化数据库...
2025-02-15T15:08:16.836544+0800 INFO 电站1783375744836177920预测气象拉取成功
2025-02-15T15:08:20.592771+0800 INFO 开始初始化数据库...
2025-02-15T15:08:21.188844+0800 INFO 电站1783375744836177920预测气象拉取成功
2025-02-15T15:08:30.527242+0800 INFO 开始初始化数据库...
2025-02-15T15:08:31.060238+0800 INFO 电站1783375744836177920预测气象拉取成功
2025-02-15T15:08:58.380680+0800 INFO 开始初始化数据库...
2025-02-15T15:08:59.230962+0800 INFO 电站1783375744836177920预测气象拉取成功
2025-02-15T15:09:03.869332+0800 INFO 开始初始化数据库...
2025-02-15T15:09:04.421246+0800 INFO 电站1783375744836177920预测气象拉取成功
